0 info it worked if it ends with ok
1 verbose cli [ 'C:\\Program Files\\nodejs\\node.exe',
1 verbose cli   'C:\\Program Files\\nodejs\\node_modules\\npm\\bin\\npm-cli.js',
1 verbose cli   'install',
1 verbose cli   'index.js' ]
2 info using npm@3.10.10
3 info using node@v6.11.3
4 silly loadCurrentTree Starting
5 silly install loadCurrentTree
6 silly install readLocalPackageData
7 silly fetchPackageMetaData index.js
8 silly fetchOtherPackageData index.js
9 silly cache add args [ 'index.js', null ]
10 verbose cache add spec index.js
11 silly cache add parsed spec Result {
11 silly cache add   raw: 'index.js',
11 silly cache add   scope: null,
11 silly cache add   escapedName: 'index.js',
11 silly cache add   name: null,
11 silly cache add   rawSpec: 'index.js',
11 silly cache add   spec: 'C:\\Users\\Jon\\Documents\\Hangmanmine\\index.js',
11 silly cache add   type: 'local' }
12 silly addLocalTarball shasum (computed) 4bba8a0b27d19249922aaf62eb7373ab4522b7df
13 verbose addTmpTarball C:\Users\Jon\Documents\Hangmanmine\index.js not in flight; adding
14 verbose correctMkdir C:\Users\Jon\AppData\Roaming\npm-cache correctMkdir not in flight; initializing
15 verbose addTmpTarball validating metadata from C:\Users\Jon\Documents\Hangmanmine\index.js
16 verbose tar unpack C:\Users\Jon\Documents\Hangmanmine\index.js
17 verbose tar unpacking to C:\Users\Jon\AppData\Local\Temp\npm-6780-d97a55fb\unpack-915ad233
18 silly gentlyRm C:\Users\Jon\AppData\Local\Temp\npm-6780-d97a55fb\unpack-915ad233 is being purged
19 verbose gentlyRm don't care about contents; nuking C:\Users\Jon\AppData\Local\Temp\npm-6780-d97a55fb\unpack-915ad233
20 silly gunzTarPerm modes [ '777', '666' ]
21 error not a package C:\Users\Jon\Documents\Hangmanmine\index.js
22 error addLocal Could not install C:\Users\Jon\Documents\Hangmanmine\index.js
23 silly fetchPackageMetaData Error: ENOENT: no such file or directory, open 'C:\Users\Jon\AppData\Local\Temp\npm-6780-d97a55fb\unpack-915ad233\package.json'
23 silly fetchPackageMetaData     at Error (native)
23 silly fetchPackageMetaData  error for index.js { Error: ENOENT: no such file or directory, open 'C:\Users\Jon\AppData\Local\Temp\npm-6780-d97a55fb\unpack-915ad233\package.json'
23 silly fetchPackageMetaData     at Error (native)
23 silly fetchPackageMetaData   errno: -4058,
23 silly fetchPackageMetaData   code: 'ENOENT',
23 silly fetchPackageMetaData   syscall: 'open',
23 silly fetchPackageMetaData   path: 'C:\\Users\\Jon\\AppData\\Local\\Temp\\npm-6780-d97a55fb\\unpack-915ad233\\package.json' }
24 silly rollbackFailedOptional Starting
25 silly rollbackFailedOptional Finishing
26 silly runTopLevelLifecycles Finishing
27 silly install printInstalled
28 verbose stack Error: ENOENT: no such file or directory, open 'C:\Users\Jon\AppData\Local\Temp\npm-6780-d97a55fb\unpack-915ad233\package.json'
28 verbose stack     at Error (native)
29 verbose cwd C:\Users\Jon\Documents\Hangmanmine
30 error Windows_NT 10.0.16299
31 error argv "C:\\Program Files\\nodejs\\node.exe" "C:\\Program Files\\nodejs\\node_modules\\npm\\bin\\npm-cli.js" "install" "index.js"
32 error node v6.11.3
33 error npm  v3.10.10
34 error path C:\Users\Jon\AppData\Local\Temp\npm-6780-d97a55fb\unpack-915ad233\package.json
35 error code ENOENT
36 error errno -4058
37 error syscall open
38 error enoent ENOENT: no such file or directory, open 'C:\Users\Jon\AppData\Local\Temp\npm-6780-d97a55fb\unpack-915ad233\package.json'
39 error enoent ENOENT: no such file or directory, open 'C:\Users\Jon\AppData\Local\Temp\npm-6780-d97a55fb\unpack-915ad233\package.json'
39 error enoent This is most likely not a problem with npm itself
39 error enoent and is related to npm not being able to find a file.
40 verbose exit [ -4058, true ]
